<?xml version="1.0" encoding="UTF-8"?>
<!-- Generated by org.testng.reporters.JUnitXMLReporter -->
<testsuite ignored="0" hostname="Lama" failures="0" tests="6" name="Default test" time="0.052" errors="0" timestamp="2023-02-23T16:01:44 ICT">
  <testcase classname="testSuite1.Module3" name="mobileLogin" time="0.008"/>
  <testcase classname="testSuite1.Module3" name="mobileSignOut" time="0.002"/>
  <testcase classname="testSuite1.Module3" name="mobilenRead" time="0.001"/>
  <testcase classname="testSuite1.Module3" name="testcase1" time="0.001"/>
  <testcase classname="testSuite1.Module3" name="testcase2" time="0.001"/>
  <testcase classname="testSuite1.Module3" name="testcase3" time="0.001"/>
</testsuite> <!-- Default test -->
