<?xml version="1.0" encoding="UTF-8"?>
<!-- Generated by org.testng.reporters.JUnitXMLReporter -->
<testsuite ignored="6" hostname="Lama" failures="0" tests="13" name="Test" time="0.07" errors="0" timestamp="2023-02-23T16:50:26 ICT">
  <testcase classname="testSuite1.Module1" name="testcase3" time="0.006"/>
  <testcase classname="testSuite1.Module1" name="testcase1" time="0.001"/>
  <testcase classname="testSuite1.Module2" name="testcase1" time="0.001"/>
  <testcase classname="testSuite1.Module3" name="testcase2" time="0.001"/>
  <testcase classname="testSuite1.Module3" name="testcase3" time="0.0"/>
  <testcase classname="testSuite1.Module3" name="testcase1" time="0.001"/>
  <testcase classname="testSuite1.Module4" name="test1" time="0.001"/>
  <testcase classname="testSuite1.Module4" name="test2" time="0.0"/>
  <testcase classname="testSuite1.Module4" name="test3" time="0.002"/>
  <testcase classname="testSuite1.Module4" name="test4" time="0.001"/>
  <testcase classname="testSuite1.Module4" name="test5" time="0.001"/>
  <testcase classname="testSuite1.Module4" name="test6" time="0.002"/>
  <testcase classname="testSuite1.Module4" name="test7" time="0.002"/>
  <testcase classname="testSuite1.Module3" name="mobilenRead" time="0.0">
    <ignored/>
  </testcase> <!-- mobilenRead -->
  <testcase classname="testSuite1.Module3" name="mobileLogin" time="0.0">
    <ignored/>
  </testcase> <!-- mobileLogin -->
  <testcase classname="testSuite1.Module3" name="mobileSignOut" time="0.0">
    <ignored/>
  </testcase> <!-- mobileSignOut -->
  <testcase classname="testSuite1.Module1" name="testcase2" time="0.0">
    <ignored/>
  </testcase> <!-- testcase2 -->
  <testcase classname="testSuite1.Module2" name="testcase3" time="0.0">
    <ignored/>
  </testcase> <!-- testcase3 -->
  <testcase classname="testSuite1.Module2" name="testcase2" time="0.0">
    <ignored/>
  </testcase> <!-- testcase2 -->
</testsuite> <!-- Test -->
